

Processing ApplicationController#index (for 127.0.0.1 at 2009-03-02 23:50:02) [GET]
  Session ID: b9257634ccef4bf26c0ce20144bf8e9f
  Parameters: {}


ActionController::RoutingError (No route matches "/article" with {:method=>:get}):
    /vendor/rails/actionpack/lib/action_controller/routing/recognition_optimisation.rb:67:in `recognize_path'
    /vendor/rails/actionpack/lib/action_controller/routing/route_set.rb:384:in `recognize'
    /vendor/rails/actionpack/lib/action_controller/dispatcher.rb:148:in `handle_request'
    /vendor/rails/actionpack/lib/action_controller/dispatcher.rb:107:in `dispatch'
    /vendor/rails/actionpack/lib/action_controller/dispatcher.rb:104:in `synchronize'
    /vendor/rails/actionpack/lib/action_controller/dispatcher.rb:104:in `dispatch'
    /vendor/rails/actionpack/lib/action_controller/dispatcher.rb:120:in `dispatch_cgi'
    /vendor/rails/actionpack/lib/action_controller/dispatcher.rb:35:in `dispatch'
    /vendor/rails/railties/lib/webrick_server.rb:112:in `handle_dispatch'
    /vendor/rails/railties/lib/webrick_server.rb:78:in `service'
    /usr/lib/ruby/1.8/webrick/httpserver.rb:104:in `service'
    /usr/lib/ruby/1.8/webrick/httpserver.rb:65:in `run'
    /usr/lib/ruby/1.8/webrick/server.rb:173:in `start_thread'
    /usr/lib/ruby/1.8/webrick/server.rb:162:in `start'
    /usr/lib/ruby/1.8/webrick/server.rb:162:in `start_thread'
    /usr/lib/ruby/1.8/webrick/server.rb:95:in `start'
    /usr/lib/ruby/1.8/webrick/server.rb:92:in `each'
    /usr/lib/ruby/1.8/webrick/server.rb:92:in `start'
    /usr/lib/ruby/1.8/webrick/server.rb:37:in `start'
    /usr/lib/ruby/1.8/webrick/server.rb:82:in `start'
    /vendor/rails/railties/lib/webrick_server.rb:62:in `dispatch'
    /vendor/rails/railties/lib/commands/servers/webrick.rb:66
    /usr/lib/ruby/1.8/rubygems/custom_require.rb:27:in `gem_original_require'
    /usr/lib/ruby/1.8/rubygems/custom_require.rb:27:in `require'
    /vendor/rails/activesupport/lib/active_support/dependencies.rb:509:in `require'
    /vendor/rails/activesupport/lib/active_support/dependencies.rb:354:in `new_constants_in'
    /vendor/rails/activesupport/lib/active_support/dependencies.rb:509:in `require'
    /vendor/rails/railties/lib/commands/server.rb:39
    /usr/lib/ruby/1.8/rubygems/custom_require.rb:27:in `gem_original_require'
    /usr/lib/ruby/1.8/rubygems/custom_require.rb:27:in `require'
    script/server:3

Rendering /home/dominic/develop/Dolog/vendor/rails/actionpack/lib/action_controller/templates/rescues/layout.erb (not_found)


Processing ApplicationController#index (for 127.0.0.1 at 2009-03-02 23:50:14) [GET]
  Session ID: BAh7BiIKZmxhc2hJQzonQWN0aW9uQ29udHJvbGxlcjo6Rmxhc2g6OkZsYXNo
SGFzaHsABjoKQHVzZWR7AA==--f3e50d1e92d046b9f9f8de97c36036548f6e5bd4
  Parameters: {}


ActionController::RoutingError (No route matches "/article" with {:method=>:get}):
    /vendor/rails/actionpack/lib/action_controller/routing/recognition_optimisation.rb:67:in `recognize_path'
    /vendor/rails/actionpack/lib/action_controller/routing/route_set.rb:384:in `recognize'
    /vendor/rails/actionpack/lib/action_controller/dispatcher.rb:148:in `handle_request'
    /vendor/rails/actionpack/lib/action_controller/dispatcher.rb:107:in `dispatch'
    /vendor/rails/actionpack/lib/action_controller/dispatcher.rb:104:in `synchronize'
    /vendor/rails/actionpack/lib/action_controller/dispatcher.rb:104:in `dispatch'
    /vendor/rails/actionpack/lib/action_controller/dispatcher.rb:120:in `dispatch_cgi'
    /vendor/rails/actionpack/lib/action_controller/dispatcher.rb:35:in `dispatch'
    /vendor/rails/railties/lib/webrick_server.rb:112:in `handle_dispatch'
    /vendor/rails/railties/lib/webrick_server.rb:78:in `service'
    /usr/lib/ruby/1.8/webrick/httpserver.rb:104:in `service'
    /usr/lib/ruby/1.8/webrick/httpserver.rb:65:in `run'
    /usr/lib/ruby/1.8/webrick/server.rb:173:in `start_thread'
    /usr/lib/ruby/1.8/webrick/server.rb:162:in `start'
    /usr/lib/ruby/1.8/webrick/server.rb:162:in `start_thread'
    /usr/lib/ruby/1.8/webrick/server.rb:95:in `start'
    /usr/lib/ruby/1.8/webrick/server.rb:92:in `each'
    /usr/lib/ruby/1.8/webrick/server.rb:92:in `start'
    /usr/lib/ruby/1.8/webrick/server.rb:37:in `start'
    /usr/lib/ruby/1.8/webrick/server.rb:82:in `start'
    /vendor/rails/railties/lib/webrick_server.rb:62:in `dispatch'
    /vendor/rails/railties/lib/commands/servers/webrick.rb:66
    /usr/lib/ruby/1.8/rubygems/custom_require.rb:27:in `gem_original_require'
    /usr/lib/ruby/1.8/rubygems/custom_require.rb:27:in `require'
    /vendor/rails/activesupport/lib/active_support/dependencies.rb:509:in `require'
    /vendor/rails/activesupport/lib/active_support/dependencies.rb:354:in `new_constants_in'
    /vendor/rails/activesupport/lib/active_support/dependencies.rb:509:in `require'
    /vendor/rails/railties/lib/commands/server.rb:39
    /usr/lib/ruby/1.8/rubygems/custom_require.rb:27:in `gem_original_require'
    /usr/lib/ruby/1.8/rubygems/custom_require.rb:27:in `require'
    script/server:3

Rendering /home/dominic/develop/Dolog/vendor/rails/actionpack/lib/action_controller/templates/rescues/layout.erb (not_found)


Processing ArticlesController#index (for 127.0.0.1 at 2009-03-02 23:50:38) [GET]
  Session ID: BAh7BiIKZmxhc2hJQzonQWN0aW9uQ29udHJvbGxlcjo6Rmxhc2g6OkZsYXNo
SGFzaHsABjoKQHVzZWR7AA==--f3e50d1e92d046b9f9f8de97c36036548f6e5bd4
  Parameters: {"action"=>"index", "controller"=>"articles"}
  [4;36;1mArticle Load (0.000000)[0m   [0;1mSQLite3::SQLException: no such table: articles: SELECT * FROM "articles" [0m


ActiveRecord::StatementInvalid (SQLite3::SQLException: no such table: articles: SELECT * FROM "articles"     ):
    /vendor/rails/activerecord/lib/active_record/connection_adapters/abstract_adapter.rb:147:in `log'
    /vendor/rails/activerecord/lib/active_record/connection_adapters/sqlite_adapter.rb:132:in `execute'
    /vendor/rails/activerecord/lib/active_record/connection_adapters/sqlite_adapter.rb:360:in `catch_schema_changes'
    /vendor/rails/activerecord/lib/active_record/connection_adapters/sqlite_adapter.rb:132:in `execute'
    /vendor/rails/activerecord/lib/active_record/connection_adapters/sqlite_adapter.rb:263:in `select'
    /vendor/rails/activerecord/lib/active_record/connection_adapters/abstract/database_statements.rb:7:in `select_all_without_query_cache'
    /vendor/rails/activerecord/lib/active_record/connection_adapters/abstract/query_cache.rb:59:in `select_all'
    /vendor/rails/activerecord/lib/active_record/connection_adapters/abstract/query_cache.rb:80:in `cache_sql'
    /vendor/rails/activerecord/lib/active_record/connection_adapters/abstract/query_cache.rb:59:in `select_all'
    /vendor/rails/activerecord/lib/active_record/base.rb:582:in `find_by_sql'
    /vendor/rails/activerecord/lib/active_record/base.rb:1341:in `find_every'
    /vendor/rails/activerecord/lib/active_record/base.rb:536:in `find'
    /app/controllers/articles_controller.rb:5:in `index'
    /vendor/rails/actionpack/lib/action_controller/base.rb:1162:in `send'
    /vendor/rails/actionpack/lib/action_controller/base.rb:1162:in `perform_action_without_filters'
    /vendor/rails/actionpack/lib/action_controller/filters.rb:580:in `call_filters'
    /vendor/rails/actionpack/lib/action_controller/filters.rb:573:in `perform_action_without_benchmark'
    /vendor/rails/actionpack/lib/action_controller/benchmarking.rb:68:in `perform_action_without_rescue'
    /usr/lib/ruby/1.8/benchmark.rb:293:in `measure'
    /vendor/rails/actionpack/lib/action_controller/benchmarking.rb:68:in `perform_action_without_rescue'
    /vendor/rails/actionpack/lib/action_controller/rescue.rb:201:in `perform_action_without_caching'
    /vendor/rails/actionpack/lib/action_controller/caching/sql_cache.rb:13:in `perform_action'
    /vendor/rails/activerecord/lib/active_record/connection_adapters/abstract/query_cache.rb:33:in `cache'
    /vendor/rails/activerecord/lib/active_record/query_cache.rb:8:in `cache'
    /vendor/rails/actionpack/lib/action_controller/caching/sql_cache.rb:12:in `perform_action'
    /vendor/rails/actionpack/lib/action_controller/base.rb:529:in `send'
    /vendor/rails/actionpack/lib/action_controller/base.rb:529:in `process_without_filters'
    /vendor/rails/actionpack/lib/action_controller/filters.rb:569:in `process_without_session_management_support'
    /vendor/rails/actionpack/lib/action_controller/session_management.rb:130:in `process'
    /vendor/rails/actionpack/lib/action_controller/base.rb:389:in `process'
    /vendor/rails/actionpack/lib/action_controller/dispatcher.rb:149:in `handle_request'
    /vendor/rails/actionpack/lib/action_controller/dispatcher.rb:107:in `dispatch'
    /vendor/rails/actionpack/lib/action_controller/dispatcher.rb:104:in `synchronize'
    /vendor/rails/actionpack/lib/action_controller/dispatcher.rb:104:in `dispatch'
    /vendor/rails/actionpack/lib/action_controller/dispatcher.rb:120:in `dispatch_cgi'
    /vendor/rails/actionpack/lib/action_controller/dispatcher.rb:35:in `dispatch'
    /vendor/rails/railties/lib/webrick_server.rb:112:in `handle_dispatch'
    /vendor/rails/railties/lib/webrick_server.rb:78:in `service'
    /usr/lib/ruby/1.8/webrick/httpserver.rb:104:in `service'
    /usr/lib/ruby/1.8/webrick/httpserver.rb:65:in `run'
    /usr/lib/ruby/1.8/webrick/server.rb:173:in `start_thread'
    /usr/lib/ruby/1.8/webrick/server.rb:162:in `start'
    /usr/lib/ruby/1.8/webrick/server.rb:162:in `start_thread'
    /usr/lib/ruby/1.8/webrick/server.rb:95:in `start'
    /usr/lib/ruby/1.8/webrick/server.rb:92:in `each'
    /usr/lib/ruby/1.8/webrick/server.rb:92:in `start'
    /usr/lib/ruby/1.8/webrick/server.rb:37:in `start'
    /usr/lib/ruby/1.8/webrick/server.rb:82:in `start'
    /vendor/rails/railties/lib/webrick_server.rb:62:in `dispatch'
    /vendor/rails/railties/lib/commands/servers/webrick.rb:66
    /usr/lib/ruby/1.8/rubygems/custom_require.rb:27:in `gem_original_require'
    /usr/lib/ruby/1.8/rubygems/custom_require.rb:27:in `require'
    /vendor/rails/activesupport/lib/active_support/dependencies.rb:509:in `require'
    /vendor/rails/activesupport/lib/active_support/dependencies.rb:354:in `new_constants_in'
    /vendor/rails/activesupport/lib/active_support/dependencies.rb:509:in `require'
    /vendor/rails/railties/lib/commands/server.rb:39
    /usr/lib/ruby/1.8/rubygems/custom_require.rb:27:in `gem_original_require'
    /usr/lib/ruby/1.8/rubygems/custom_require.rb:27:in `require'
    script/server:3

Rendering /home/dominic/develop/Dolog/vendor/rails/actionpack/lib/action_controller/templates/rescues/layout.erb (internal_server_error)
  [4;36;1mSQL (0.016060)[0m   [0;1m SELECT name
 FROM sqlite_master
 WHERE type = 'table' AND NOT name = 'sqlite_sequence'
[0m
  [4;35;1mSQL (0.000431)[0m   [0mselect sqlite_version(*)[0m
  [4;36;1mSQL (0.026293)[0m   [0;1mCREATE TABLE "schema_migrations" ("version" varchar(255) NOT NULL) [0m
  [4;35;1mSQL (0.004679)[0m   [0mCREATE UNIQUE INDEX "unique_schema_migrations" ON "schema_migrations" ("version")[0m
  [4;36;1mSQL (0.000523)[0m   [0;1m SELECT name
 FROM sqlite_master
 WHERE type = 'table' AND NOT name = 'sqlite_sequence'
[0m
  [4;35;1mSQL (0.000386)[0m   [0mSELECT version FROM schema_migrations[0m
Migrating to CreateArticles (20090302144932)
  [4;36;1mSQL (0.000222)[0m   [0;1mSELECT version FROM schema_migrations[0m
  [4;35;1mSQL (0.005119)[0m   [0mCREATE TABLE "articles" ("id" INTEGER PRIMARY KEY AUTOINCREMENT NOT NULL, "title" varchar(255) DEFAULT NULL NULL, "content" text DEFAULT NULL NULL, "owner" varchar(255) DEFAULT NULL NULL, "posted_at" date DEFAULT NULL NULL, "created_at" datetime DEFAULT NULL NULL, "updated_at" datetime DEFAULT NULL NULL) [0m
  [4;36;1mSQL (0.010643)[0m   [0;1mINSERT INTO schema_migrations (version) VALUES ('20090302144932')[0m
  [4;35;1mSQL (0.000704)[0m   [0mSELECT version FROM schema_migrations[0m
  [4;36;1mSQL (0.000805)[0m   [0;1m SELECT name
 FROM sqlite_master
 WHERE type = 'table' AND NOT name = 'sqlite_sequence'
[0m
  [4;35;1mSQL (0.000211)[0m   [0mPRAGMA index_list("articles")[0m


Processing ArticlesController#index (for 127.0.0.1 at 2009-03-02 23:55:07) [GET]
  Session ID: BAh7BiIKZmxhc2hJQzonQWN0aW9uQ29udHJvbGxlcjo6Rmxhc2g6OkZsYXNo
SGFzaHsABjoKQHVzZWR7AA==--f3e50d1e92d046b9f9f8de97c36036548f6e5bd4
  Parameters: {"action"=>"index", "controller"=>"articles"}
  [4;35;1mArticle Load (0.001086)[0m   [0mSELECT * FROM "articles" [0m
Rendering template within layouts/articles
Rendering articles/index
Completed in 0.25763 (3 reqs/sec) | Rendering: 0.19625 (76%) | DB: 0.00109 (0%) | 200 OK [http://127.0.0.1/articles]


Processing ArticlesController#new (for 127.0.0.1 at 2009-03-02 23:55:10) [GET]
  Session ID: BAh7BiIKZmxhc2hJQzonQWN0aW9uQ29udHJvbGxlcjo6Rmxhc2g6OkZsYXNo
SGFzaHsABjoKQHVzZWR7AA==--f3e50d1e92d046b9f9f8de97c36036548f6e5bd4
  Parameters: {"action"=>"new", "controller"=>"articles"}
Rendering template within layouts/articles
Rendering articles/new
Completed in 0.13969 (7 reqs/sec) | Rendering: 0.12529 (89%) | DB: 0.00000 (0%) | 200 OK [http://127.0.0.1/articles/new]


Processing ArticlesController#create (for 127.0.0.1 at 2009-03-03 00:11:12) [POST]
  Session ID: BAh7BzoMY3NyZl9pZCIlZWNiZDBmNDlhOGUwYWM2NjliZTczZmI5OTg0MzQ1
MTQiCmZsYXNoSUM6J0FjdGlvbkNvbnRyb2xsZXI6OkZsYXNoOjpGbGFzaEhh
c2h7AAY6CkB1c2VkewA=--85e8e0f6e55aca4b9db3b7b4aa9b21d86c63697a
  Parameters: {"article"=>{"title"=>"The first blog I write on my own system.", "content"=>"  I will update it in iterations after,\r\nthanks for heruko......they provided me \r\nsuch a splendid site to learn and run rails, sense of accomplishment is very important,as we know.  \r\n  I wish I don't need to input the date manually next time, means that It should be filled in by rails.\r\n  Put the decoration things aside first.", "posted_at(1i)"=>"2009", "posted_at(2i)"=>"3", "owner"=>"dominic", "posted_at(3i)"=>"2"}, "commit"=>"Create", "authenticity_token"=>"d4382240ea76ef6f430bc24fead85af4538206e8", "action"=>"create", "controller"=>"articles"}
  [4;36;1mArticle Create (0.000549)[0m   [0;1mINSERT INTO "articles" ("created_at", "title", "updated_at", "content", "owner", "posted_at") VALUES('2009-03-02 15:11:13', 'The first blog I write on my own system.', '2009-03-02 15:11:13', ' I will update it in iterations after,
thanks for heruko......they provided me 
such a splendid site to learn and run rails, sense of accomplishment is very important,as we know. 
 I wish I don''t need to input the date manually next time, means that It should be filled in by rails.
 Put the decoration things aside first.', 'dominic', '2009-03-02')[0m
Redirected to http://127.0.0.1:3000/articles/1
Completed in 0.04084 (24 reqs/sec) | DB: 0.00055 (1%) | 302 Found [http://127.0.0.1/articles]


Processing ArticlesController#show (for 127.0.0.1 at 2009-03-03 00:11:13) [GET]
  Session ID: BAh7BzoMY3NyZl9pZCIlZWNiZDBmNDlhOGUwYWM2NjliZTczZmI5OTg0MzQ1
MTQiCmZsYXNoSUM6J0FjdGlvbkNvbnRyb2xsZXI6OkZsYXNoOjpGbGFzaEhh
c2h7BjoLbm90aWNlIiZBcnRpY2xlIHdhcyBzdWNjZXNzZnVsbHkgY3JlYXRl
ZC4GOgpAdXNlZHsGOwdG--5ba1aa827c60d7ebf094817a1d891d1457df1839
  Parameters: {"action"=>"show", "id"=>"1", "controller"=>"articles"}
  [4;35;1mArticle Load (0.000698)[0m   [0mSELECT * FROM "articles" WHERE ("articles"."id" = 1) [0m
Rendering template within layouts/articles
Rendering articles/show
Completed in 0.03985 (25 reqs/sec) | Rendering: 0.02384 (59%) | DB: 0.00070 (1%) | 200 OK [http://127.0.0.1/articles/1]


Processing ArticlesController#index (for 127.0.0.1 at 2009-03-03 00:11:17) [GET]
  Session ID: BAh7BzoMY3NyZl9pZCIlZWNiZDBmNDlhOGUwYWM2NjliZTczZmI5OTg0MzQ1
MTQiCmZsYXNoSUM6J0FjdGlvbkNvbnRyb2xsZXI6OkZsYXNoOjpGbGFzaEhh
c2h7BjoLbm90aWNlIiZBcnRpY2xlIHdhcyBzdWNjZXNzZnVsbHkgY3JlYXRl
ZC4GOgpAdXNlZHsGOwdU--0c795cb448a1b1e808243fff9b719da4bd924002
  Parameters: {"action"=>"index", "controller"=>"articles"}
  [4;36;1mArticle Load (0.000860)[0m   [0;1mSELECT * FROM "articles" [0m
Rendering template within layouts/articles
Rendering articles/index
Completed in 0.02007 (49 reqs/sec) | Rendering: 0.01158 (57%) | DB: 0.00086 (4%) | 200 OK [http://127.0.0.1/articles]


Processing ArticlesController#index (for 127.0.0.1 at 2009-03-03 00:14:46) [GET]
  Session ID: BAh7BzoMY3NyZl9pZCIlZWNiZDBmNDlhOGUwYWM2NjliZTczZmI5OTg0MzQ1
MTQiCmZsYXNoSUM6J0FjdGlvbkNvbnRyb2xsZXI6OkZsYXNoOjpGbGFzaEhh
c2h7AAY6CkB1c2VkewA=--85e8e0f6e55aca4b9db3b7b4aa9b21d86c63697a
  Parameters: {"action"=>"index", "controller"=>"articles"}
  [4;35;1mArticle Load (0.002984)[0m   [0mSELECT * FROM "articles" [0m
Rendering template within layouts/articles
Rendering articles/index
Completed in 0.28143 (3 reqs/sec) | Rendering: 0.24430 (86%) | DB: 0.00298 (1%) | 200 OK [http://127.0.0.1/articles]


Processing ArticlesController#new (for 127.0.0.1 at 2009-03-03 00:14:49) [GET]
  Session ID: BAh7BzoMY3NyZl9pZCIlZWNiZDBmNDlhOGUwYWM2NjliZTczZmI5OTg0MzQ1
MTQiCmZsYXNoSUM6J0FjdGlvbkNvbnRyb2xsZXI6OkZsYXNoOjpGbGFzaEhh
c2h7AAY6CkB1c2VkewA=--85e8e0f6e55aca4b9db3b7b4aa9b21d86c63697a
  Parameters: {"action"=>"new", "controller"=>"articles"}
Rendering template within layouts/articles
Rendering articles/new
Completed in 0.02910 (34 reqs/sec) | Rendering: 0.01001 (34%) | DB: 0.00000 (0%) | 200 OK [http://127.0.0.1/articles/new]
